<html>
<head>
<title>TestNG:  Default test</title>
<link href="../testng.css" rel="stylesheet" type="text/css" />
<link href="../my-testng.css" rel="stylesheet" type="text/css" />

<style type="text/css">
.log { display: none;} 
.stack-trace { display: none;} 
</style>
<script type="text/javascript">
<!--
function flip(e) {
  current = e.style.display;
  if (current == 'block') {
    e.style.display = 'none';
    return 0;
  }
  else {
    e.style.display = 'block';
    return 1;
  }
}

function toggleBox(szDivId, elem, msg1, msg2)
{
  var res = -1;  if (document.getElementById) {
    res = flip(document.getElementById(szDivId));
  }
  else if (document.all) {
    // this is the way old msie versions work
    res = flip(document.all[szDivId]);
  }
  if(elem) {
    if(res == 0) elem.innerHTML = msg1; else elem.innerHTML = msg2;
  }

}

function toggleAllBoxes() {
  if (document.getElementsByTagName) {
    d = document.getElementsByTagName('div');
    for (i = 0; i < d.length; i++) {
      if (d[i].className == 'log') {
        flip(d[i]);
      }
    }
  }
}

// -->
</script>

</head>
<body>
<h2 align='center'>Default test</h2><table border='1' align="center">
<tr>
<td>Tests passed/Failed/Skipped:</td><td>61/1/0</td>
</tr><tr>
<td>Started on:</td><td>Tue Apr 16 13:47:55 CDT 2024</td>
</tr>
<tr><td>Total time:</td><td>157 seconds (157720 ms)</td>
</tr><tr>
<td>Included groups:</td><td></td>
</tr><tr>
<td>Excluded groups:</td><td></td>
</tr>
</table><p/>
<small><i>(Hover the method name to see the test class name)</i></small><p/>
<table width='100%' border='1' class='invocation-failed'>
<tr><td colspan='4' align='center'><b>FAILED TESTS</b></td></tr>
<tr><td><b>Test method</b></td>
<td><b>Attribute(s)</b></td>
<td width="30%"><b>Exception</b></td>
<td width="10%"><b>Time (seconds)</b></td>
<td><b>Instance</b></td>
</tr>
<tr>
<td title='parallel.TestNGRunner.runScenario()'><b>runScenario</b><br>Test class: parallel.TestNGRunner<br>Test method: Runs Cucumber Scenarios<br>Parameters: "Practice Questions Validation with valid codes", "Array Functionality with login"</td>
<td><div><pre>org.openqa.selenium.ElementNotInteractableException: element not interactable
  (Session info: chrome=123.0.6312.122)
Build info: version: &apos;4.17.0&apos;, revision: &apos;e52b1be057*&apos;
System info: os.name: &apos;Windows 11&apos;, os.arch: &apos;amd64&apos;, os.version: &apos;10.0&apos;, java.version: &apos;21.0.2&apos;
Driver info: org.openqa.selenium.chrome.ChromeDriver
Command: [59c2dfc3327d4a2c81ab28a97405a1f9, sendKeysToElement {id=f.2AC42AE9344E9C780EE9B092347592BB.d.F5EEED944C4D7D612DDB787615551482.e.39, value=[Ljava.lang.CharSequence;@506df63a}]
Capabilities {acceptInsecureCerts: false, browserName: chrome, browserVersion: 123.0.6312.122, chrome: {chromedriverVersion: 123.0.6312.122 (31f8248cdd9..., userDataDir: C:\Users\rajes\AppData\Loca...}, fedcm:accounts: true, goog:chromeOptions: {debuggerAddress: localhost:54838}, networkConnectionEnabled: false, pageLoadStrategy: normal, platformName: windows, proxy: Proxy(), se:cdp: ws://localhost:54838/devtoo..., se:cdpVersion: 123.0.6312.122, setWindowRect: true, strictFileInteractability: false, timeouts: {implicit: 0, pageLoad: 300000, script: 30000}, unhandledPromptBehavior: dismiss and notify, webauthn:extension:credBlob: true, webauthn:extension:largeBlob: true, webauthn:extension:minPinLength: true, webauthn:extension:prf: true, webauthn:virtualAuthenticators: true}
Element: [[ChromeDriver: chrome on windows (59c2dfc3327d4a2c81ab28a97405a1f9)] -&gt; xpath: //form[@id=&apos;answer_form&apos;]/div/div/div/textarea]
Session ID: 59c2dfc3327d4a2c81ab28a97405a1f9
	at java.base/jdk.internal.reflect.DirectConstructorHandleAccessor.newInstance(DirectConstructorHandleAccessor.java:62)
	at java.base/java.lang.reflect.Constructor.newInstanceWithCaller(Constructor.java:502)
	at java.base/java.lang.reflect.Constructor.newInstance(Constructor.java:486)
	at org.openqa.selenium.remote.codec.w3c.W3CHttpResponseCodec.createException(W3CHttpResponseCodec.java:185)
	at org.openqa.selenium.remote.codec.w3c.W3CHttpResponseCodec.decode(W3CHttpResponseCodec.java:134)
	at org.openqa.selenium.remote.codec.w3c.W3CHttpResponseCodec.decode(W3CHttpResponseCodec.java:51)
	at org.openqa.selenium.remote.HttpCommandExecutor.execute(HttpCommandExecutor.java:190)
	at org.openqa.selenium.remote.service.DriverCommandExecutor.invokeExecute(DriverCommandExecutor.java:216)
	at org.openqa.selenium.remote.service.DriverCommandExecutor.execute(DriverCommandExecutor.java:174)
	at org.openqa.selenium.remote.RemoteWebDriver.execute(RemoteWebDriver.java:519)
	at org.openqa.selenium.remote.RemoteWebElement.execute(RemoteWebElement.java:223)
	at org.openqa.selenium.remote.RemoteWebElement.sendKeys(RemoteWebElement.java:110)
	at com.pages.ArrayPage.copyCode(ArrayPage.java:147)
	at parallel.ArrayPageSteps.the_user_write_code_inPracQn_editor_from_sheetname_and_rownumber(ArrayPageSteps.java:135)
	at ✽.The user write code in PracQn Editor from sheetname &apos;pythonCode&apos; and rownumber 2(classpath:parallel/FF006_Arraypage.feature:45)
</pre></div><a href='#' onClick='toggleBox("stack-trace1264823110", this, "Click to show all stack frames", "Click to hide stack frames")'>Click to show all stack frames</a>
<div class='stack-trace' id='stack-trace1264823110'><pre>org.openqa.selenium.ElementNotInteractableException: element not interactable
  (Session info: chrome=123.0.6312.122)
Build info: version: &apos;4.17.0&apos;, revision: &apos;e52b1be057*&apos;
System info: os.name: &apos;Windows 11&apos;, os.arch: &apos;amd64&apos;, os.version: &apos;10.0&apos;, java.version: &apos;21.0.2&apos;
Driver info: org.openqa.selenium.chrome.ChromeDriver
Command: [59c2dfc3327d4a2c81ab28a97405a1f9, sendKeysToElement {id=f.2AC42AE9344E9C780EE9B092347592BB.d.F5EEED944C4D7D612DDB787615551482.e.39, value=[Ljava.lang.CharSequence;@506df63a}]
Capabilities {acceptInsecureCerts: false, browserName: chrome, browserVersion: 123.0.6312.122, chrome: {chromedriverVersion: 123.0.6312.122 (31f8248cdd9..., userDataDir: C:\Users\rajes\AppData\Loca...}, fedcm:accounts: true, goog:chromeOptions: {debuggerAddress: localhost:54838}, networkConnectionEnabled: false, pageLoadStrategy: normal, platformName: windows, proxy: Proxy(), se:cdp: ws://localhost:54838/devtoo..., se:cdpVersion: 123.0.6312.122, setWindowRect: true, strictFileInteractability: false, timeouts: {implicit: 0, pageLoad: 300000, script: 30000}, unhandledPromptBehavior: dismiss and notify, webauthn:extension:credBlob: true, webauthn:extension:largeBlob: true, webauthn:extension:minPinLength: true, webauthn:extension:prf: true, webauthn:virtualAuthenticators: true}
Element: [[ChromeDriver: chrome on windows (59c2dfc3327d4a2c81ab28a97405a1f9)] -&gt; xpath: //form[@id=&apos;answer_form&apos;]/div/div/div/textarea]
Session ID: 59c2dfc3327d4a2c81ab28a97405a1f9
	at java.base/jdk.internal.reflect.DirectConstructorHandleAccessor.newInstance(DirectConstructorHandleAccessor.java:62)
	at java.base/java.lang.reflect.Constructor.newInstanceWithCaller(Constructor.java:502)
	at java.base/java.lang.reflect.Constructor.newInstance(Constructor.java:486)
	at org.openqa.selenium.remote.codec.w3c.W3CHttpResponseCodec.createException(W3CHttpResponseCodec.java:185)
	at org.openqa.selenium.remote.codec.w3c.W3CHttpResponseCodec.decode(W3CHttpResponseCodec.java:134)
	at org.openqa.selenium.remote.codec.w3c.W3CHttpResponseCodec.decode(W3CHttpResponseCodec.java:51)
	at org.openqa.selenium.remote.HttpCommandExecutor.execute(HttpCommandExecutor.java:190)
	at org.openqa.selenium.remote.service.DriverCommandExecutor.invokeExecute(DriverCommandExecutor.java:216)
	at org.openqa.selenium.remote.service.DriverCommandExecutor.execute(DriverCommandExecutor.java:174)
	at org.openqa.selenium.remote.RemoteWebDriver.execute(RemoteWebDriver.java:519)
	at org.openqa.selenium.remote.RemoteWebElement.execute(RemoteWebElement.java:223)
	at org.openqa.selenium.remote.RemoteWebElement.sendKeys(RemoteWebElement.java:110)
	at com.pages.ArrayPage.copyCode(ArrayPage.java:147)
	at parallel.ArrayPageSteps.the_user_write_code_inPracQn_editor_from_sheetname_and_rownumber(ArrayPageSteps.java:135)
	at ✽.The user write code in PracQn Editor from sheetname &apos;pythonCode&apos; and rownumber 2(classpath:parallel/FF006_Arraypage.feature:45)
</pre></div></td>
<td>7</td>
<td>parallel.TestNGRunner@43015c69</td></tr>
</table><p>
<table width='100%' border='1' class='invocation-passed'>
<tr><td colspan='4' align='center'><b>PASSED TESTS</b></td></tr>
<tr><td><b>Test method</b></td>
<td><b>Attribute(s)</b></td>
<td width="30%"><b>Exception</b></td>
<td width="10%"><b>Time (seconds)</b></td>
<td><b>Instance</b></td>
</tr>
<tr>
<td title='parallel.TestNGRunner.runScenario()'><b>runScenario</b><br>Test class: parallel.TestNGRunner<br>Test method: Runs Cucumber Scenarios<br>Parameters: "Login Page Validation with Valid input", "SignIn Page Functionality"</td>
<td></td>
<td>6</td>
<td>parallel.TestNGRunner@43015c69</td></tr>
<tr>
<td title='parallel.TestNGRunner.runScenario()'><b>runScenario</b><br>Test class: parallel.TestNGRunner<br>Test method: Runs Cucumber Scenarios<br>Parameters: "Login with correct credentials", "Login Page feature"</td>
<td></td>
<td>3</td>
<td>parallel.TestNGRunner@43015c69</td></tr>
<tr>
<td title='parallel.TestNGRunner.runScenario()'><b>runScenario</b><br>Test class: parallel.TestNGRunner<br>Test method: Runs Cucumber Scenarios<br>Parameters: "Login Page Validation with Invaid input1", "SignIn Page Functionality"</td>
<td></td>
<td>6</td>
<td>parallel.TestNGRunner@43015c69</td></tr>
<tr>
<td title='parallel.TestNGRunner.runScenario()'><b>runScenario</b><br>Test class: parallel.TestNGRunner<br>Test method: Runs Cucumber Scenarios<br>Parameters: "DataStructures Dropdown validation", "DS Indtroduction Home Page without logging into it"</td>
<td></td>
<td>10</td>
<td>parallel.TestNGRunner@43015c69</td></tr>
<tr>
<td title='parallel.TestNGRunner.runScenario()'><b>runScenario</b><br>Test class: parallel.TestNGRunner<br>Test method: Runs Cucumber Scenarios<br>Parameters: "Try Editor validation for Array with testcodes", "Array Functionality with login"</td>
<td></td>
<td>21</td>
<td>parallel.TestNGRunner@43015c69</td></tr>
<tr>
<td title='parallel.TestNGRunner.runScenario()'><b>runScenario</b><br>Test class: parallel.TestNGRunner<br>Test method: Runs Cucumber Scenarios<br>Parameters: "User Register validation with missing values in the input fields", "Test new user register functionality"</td>
<td></td>
<td>10</td>
<td>parallel.TestNGRunner@43015c69</td></tr>
<tr>
<td title='parallel.TestNGRunner.runScenario()'><b>runScenario</b><br>Test class: parallel.TestNGRunner<br>Test method: Runs Cucumber Scenarios<br>Parameters: "Try Editor validation for DS Intro with testcodes", "Linkedlist Functionality with login"</td>
<td></td>
<td>15</td>
<td>parallel.TestNGRunner@43015c69</td></tr>
<tr>
<td title='parallel.TestNGRunner.runScenario()'><b>runScenario</b><br>Test class: parallel.TestNGRunner<br>Test method: Runs Cucumber Scenarios<br>Parameters: "Login page title", "Login Page feature"</td>
<td></td>
<td>2</td>
<td>parallel.TestNGRunner@43015c69</td></tr>
<tr>
<td title='parallel.TestNGRunner.runScenario()'><b>runScenario</b><br>Test class: parallel.TestNGRunner<br>Test method: Runs Cucumber Scenarios<br>Parameters: "Try Editor validation for DS Intro with testcodes", "Tree Functionality with login"</td>
<td></td>
<td>15</td>
<td>parallel.TestNGRunner@43015c69</td></tr>
<tr>
<td title='parallel.TestNGRunner.runScenario()'><b>runScenario</b><br>Test class: parallel.TestNGRunner<br>Test method: Runs Cucumber Scenarios<br>Parameters: "Try Editor validation for DS Intro with testcodes", "Tree Functionality with login"</td>
<td></td>
<td>14</td>
<td>parallel.TestNGRunner@43015c69</td></tr>
<tr>
<td title='parallel.TestNGRunner.runScenario()'><b>runScenario</b><br>Test class: parallel.TestNGRunner<br>Test method: Runs Cucumber Scenarios<br>Parameters: "GetStarted buttons of DataStructures", "DS Indtroduction Home Page without logging into it"</td>
<td></td>
<td>6</td>
<td>parallel.TestNGRunner@43015c69</td></tr>
<tr>
<td title='parallel.TestNGRunner.runScenario()'><b>runScenario</b><br>Test class: parallel.TestNGRunner<br>Test method: Runs Cucumber Scenarios<br>Parameters: "Try Editor validation for DS Intro with testcodes", "Tree Functionality with login"</td>
<td></td>
<td>15</td>
<td>parallel.TestNGRunner@43015c69</td></tr>
<tr>
<td title='parallel.TestNGRunner.runScenario()'><b>runScenario</b><br>Test class: parallel.TestNGRunner<br>Test method: Runs Cucumber Scenarios<br>Parameters: "Try Editor validation for DS Intro with testcodes", "Queue Functionality with login"</td>
<td></td>
<td>14</td>
<td>parallel.TestNGRunner@43015c69</td></tr>
<tr>
<td title='parallel.TestNGRunner.runScenario()'><b>runScenario</b><br>Test class: parallel.TestNGRunner<br>Test method: Runs Cucumber Scenarios<br>Parameters: "Try Editor validation for DS Intro with testcodes", "Tree Functionality with login"</td>
<td></td>
<td>13</td>
<td>parallel.TestNGRunner@43015c69</td></tr>
<tr>
<td title='parallel.TestNGRunner.runScenario()'><b>runScenario</b><br>Test class: parallel.TestNGRunner<br>Test method: Runs Cucumber Scenarios<br>Parameters: "Try Editor validation for DS Intro with testcodes", "Tree Functionality with login"</td>
<td></td>
<td>15</td>
<td>parallel.TestNGRunner@43015c69</td></tr>
<tr>
<td title='parallel.TestNGRunner.runScenario()'><b>runScenario</b><br>Test class: parallel.TestNGRunner<br>Test method: Runs Cucumber Scenarios<br>Parameters: "Try Editor validation for DS Intro with testcodes", "Tree Functionality with login"</td>
<td></td>
<td>15</td>
<td>parallel.TestNGRunner@43015c69</td></tr>
<tr>
<td title='parallel.TestNGRunner.runScenario()'><b>runScenario</b><br>Test class: parallel.TestNGRunner<br>Test method: Runs Cucumber Scenarios<br>Parameters: "Try Editor validation for Array with testcodes", "Array Functionality with login"</td>
<td></td>
<td>18</td>
<td>parallel.TestNGRunner@43015c69</td></tr>
<tr>
<td title='parallel.TestNGRunner.runScenario()'><b>runScenario</b><br>Test class: parallel.TestNGRunner<br>Test method: Runs Cucumber Scenarios<br>Parameters: "Practice Questions Validation with valid codes", "Array Functionality with login"</td>
<td></td>
<td>10</td>
<td>parallel.TestNGRunner@43015c69</td></tr>
<tr>
<td title='parallel.TestNGRunner.runScenario()'><b>runScenario</b><br>Test class: parallel.TestNGRunner<br>Test method: Runs Cucumber Scenarios<br>Parameters: "Try Editor validation for DS Intro with testcodes", "Queue Functionality with login"</td>
<td></td>
<td>14</td>
<td>parallel.TestNGRunner@43015c69</td></tr>
<tr>
<td title='parallel.TestNGRunner.runScenario()'><b>runScenario</b><br>Test class: parallel.TestNGRunner<br>Test method: Runs Cucumber Scenarios<br>Parameters: "Try Editor validation for DS Intro with testcodes", "Linkedlist Functionality with login"</td>
<td></td>
<td>14</td>
<td>parallel.TestNGRunner@43015c69</td></tr>
<tr>
<td title='parallel.TestNGRunner.runScenario()'><b>runScenario</b><br>Test class: parallel.TestNGRunner<br>Test method: Runs Cucumber Scenarios<br>Parameters: "Try Editor validation for DS Intro with testcodes", "Linkedlist Functionality with login"</td>
<td></td>
<td>16</td>
<td>parallel.TestNGRunner@43015c69</td></tr>
<tr>
<td title='parallel.TestNGRunner.runScenario()'><b>runScenario</b><br>Test class: parallel.TestNGRunner<br>Test method: Runs Cucumber Scenarios<br>Parameters: "Try Editor validation for Array with testcodes", "Array Functionality with login"</td>
<td></td>
<td>21</td>
<td>parallel.TestNGRunner@43015c69</td></tr>
<tr>
<td title='parallel.TestNGRunner.runScenario()'><b>runScenario</b><br>Test class: parallel.TestNGRunner<br>Test method: Runs Cucumber Scenarios<br>Parameters: "Try Editor validation for DS Intro with testcodes", "Tree Functionality with login"</td>
<td></td>
<td>15</td>
<td>parallel.TestNGRunner@43015c69</td></tr>
<tr>
<td title='parallel.TestNGRunner.runScenario()'><b>runScenario</b><br>Test class: parallel.TestNGRunner<br>Test method: Runs Cucumber Scenarios<br>Parameters: "Try Editor validation for DS Intro with testcodes", "Stack Functionality with login"</td>
<td></td>
<td>12</td>
<td>parallel.TestNGRunner@43015c69</td></tr>
<tr>
<td title='parallel.TestNGRunner.runScenario()'><b>runScenario</b><br>Test class: parallel.TestNGRunner<br>Test method: Runs Cucumber Scenarios<br>Parameters: "User Register validation with missing values in the input fields", "Test new user register functionality"</td>
<td></td>
<td>9</td>
<td>parallel.TestNGRunner@43015c69</td></tr>
<tr>
<td title='parallel.TestNGRunner.runScenario()'><b>runScenario</b><br>Test class: parallel.TestNGRunner<br>Test method: Runs Cucumber Scenarios<br>Parameters: "User Register Validation with empty input fields", "Test new user register functionality"</td>
<td></td>
<td>6</td>
<td>parallel.TestNGRunner@43015c69</td></tr>
<tr>
<td title='parallel.TestNGRunner.runScenario()'><b>runScenario</b><br>Test class: parallel.TestNGRunner<br>Test method: Runs Cucumber Scenarios<br>Parameters: "Try Editor validation for DS Intro with testcodes", "Linkedlist Functionality with login"</td>
<td></td>
<td>15</td>
<td>parallel.TestNGRunner@43015c69</td></tr>
<tr>
<td title='parallel.TestNGRunner.runScenario()'><b>runScenario</b><br>Test class: parallel.TestNGRunner<br>Test method: Runs Cucumber Scenarios<br>Parameters: "Register link on DS Home Page", "DS Indtroduction Home Page without logging into it"</td>
<td></td>
<td>6</td>
<td>parallel.TestNGRunner@43015c69</td></tr>
<tr>
<td title='parallel.TestNGRunner.runScenario()'><b>runScenario</b><br>Test class: parallel.TestNGRunner<br>Test method: Runs Cucumber Scenarios<br>Parameters: "Try Editor validation for DS Intro with testcodes", "Linkedlist Functionality with login"</td>
<td></td>
<td>13</td>
<td>parallel.TestNGRunner@43015c69</td></tr>
<tr>
<td title='parallel.TestNGRunner.runScenario()'><b>runScenario</b><br>Test class: parallel.TestNGRunner<br>Test method: Runs Cucumber Scenarios<br>Parameters: "Login with correct credentials", "SignIn Page Functionality"</td>
<td></td>
<td>6</td>
<td>parallel.TestNGRunner@43015c69</td></tr>
<tr>
<td title='parallel.TestNGRunner.runScenario()'><b>runScenario</b><br>Test class: parallel.TestNGRunner<br>Test method: Runs Cucumber Scenarios<br>Parameters: "User Register validation with diferent values in the password and confirm password text fields", "Test new user register functionality"</td>
<td></td>
<td>9</td>
<td>parallel.TestNGRunner@43015c69</td></tr>
<tr>
<td title='parallel.TestNGRunner.runScenario()'><b>runScenario</b><br>Test class: parallel.TestNGRunner<br>Test method: Runs Cucumber Scenarios<br>Parameters: "Try Editor validation for DS Intro with testcodes", "Tree Functionality with login"</td>
<td></td>
<td>14</td>
<td>parallel.TestNGRunner@43015c69</td></tr>
<tr>
<td title='parallel.TestNGRunner.runScenario()'><b>runScenario</b><br>Test class: parallel.TestNGRunner<br>Test method: Runs Cucumber Scenarios<br>Parameters: "Login Page Validation with Invaid input", "SignIn Page Functionality"</td>
<td></td>
<td>5</td>
<td>parallel.TestNGRunner@43015c69</td></tr>
<tr>
<td title='parallel.TestNGRunner.runScenario()'><b>runScenario</b><br>Test class: parallel.TestNGRunner<br>Test method: Runs Cucumber Scenarios<br>Parameters: "SignIn link on DS Home Page", "DS Indtroduction Home Page without logging into it"</td>
<td></td>
<td>4</td>
<td>parallel.TestNGRunner@43015c69</td></tr>
<tr>
<td title='parallel.TestNGRunner.runScenario()'><b>runScenario</b><br>Test class: parallel.TestNGRunner<br>Test method: Runs Cucumber Scenarios<br>Parameters: "Practice Questions Validation with valid codes", "Array Functionality with login"</td>
<td></td>
<td>11</td>
<td>parallel.TestNGRunner@43015c69</td></tr>
<tr>
<td title='parallel.TestNGRunner.runScenario()'><b>runScenario</b><br>Test class: parallel.TestNGRunner<br>Test method: Runs Cucumber Scenarios<br>Parameters: "Try Editor validation for DS Intro with testcodes", "Stack Functionality with login"</td>
<td></td>
<td>14</td>
<td>parallel.TestNGRunner@43015c69</td></tr>
<tr>
<td title='parallel.TestNGRunner.runScenario()'><b>runScenario</b><br>Test class: parallel.TestNGRunner<br>Test method: Runs Cucumber Scenarios<br>Parameters: "Try Editor validation for DS Intro with testcodes", "Tree Functionality with login"</td>
<td></td>
<td>16</td>
<td>parallel.TestNGRunner@43015c69</td></tr>
<tr>
<td title='parallel.TestNGRunner.runScenario()'><b>runScenario</b><br>Test class: parallel.TestNGRunner<br>Test method: Runs Cucumber Scenarios<br>Parameters: "Login Page Validation with Invaid input", "SignIn Page Functionality"</td>
<td></td>
<td>7</td>
<td>parallel.TestNGRunner@43015c69</td></tr>
<tr>
<td title='parallel.TestNGRunner.runScenario()'><b>runScenario</b><br>Test class: parallel.TestNGRunner<br>Test method: Runs Cucumber Scenarios<br>Parameters: "Try Editor validation for DS Intro with testcodes", "Tree Functionality with login"</td>
<td></td>
<td>17</td>
<td>parallel.TestNGRunner@43015c69</td></tr>
<tr>
<td title='parallel.TestNGRunner.runScenario()'><b>runScenario</b><br>Test class: parallel.TestNGRunner<br>Test method: Runs Cucumber Scenarios<br>Parameters: "Try Editor validation for DS Intro with testcodes", "Linkedlist Functionality with login"</td>
<td></td>
<td>15</td>
<td>parallel.TestNGRunner@43015c69</td></tr>
<tr>
<td title='parallel.TestNGRunner.runScenario()'><b>runScenario</b><br>Test class: parallel.TestNGRunner<br>Test method: Runs Cucumber Scenarios<br>Parameters: "Try Editor validation for DS Intro with testcodes", "Queue Functionality with login"</td>
<td></td>
<td>16</td>
<td>parallel.TestNGRunner@43015c69</td></tr>
<tr>
<td title='parallel.TestNGRunner.runScenario()'><b>runScenario</b><br>Test class: parallel.TestNGRunner<br>Test method: Runs Cucumber Scenarios<br>Parameters: "DS Algo Get Started page", "Landing Page feature"</td>
<td></td>
<td>7</td>
<td>parallel.TestNGRunner@43015c69</td></tr>
<tr>
<td title='parallel.TestNGRunner.runScenario()'><b>runScenario</b><br>Test class: parallel.TestNGRunner<br>Test method: Runs Cucumber Scenarios<br>Parameters: "Try Editor validation for DS Intro with testcodes", "Graph Functionality with login"</td>
<td></td>
<td>13</td>
<td>parallel.TestNGRunner@43015c69</td></tr>
<tr>
<td title='parallel.TestNGRunner.runScenario()'><b>runScenario</b><br>Test class: parallel.TestNGRunner<br>Test method: Runs Cucumber Scenarios<br>Parameters: "Login Page Validation with Invaid input1", "SignIn Page Functionality"</td>
<td></td>
<td>6</td>
<td>parallel.TestNGRunner@43015c69</td></tr>
<tr>
<td title='parallel.TestNGRunner.runScenario()'><b>runScenario</b><br>Test class: parallel.TestNGRunner<br>Test method: Runs Cucumber Scenarios<br>Parameters: "Login Page Validation with Invaid input1", "SignIn Page Functionality"</td>
<td></td>
<td>6</td>
<td>parallel.TestNGRunner@43015c69</td></tr>
<tr>
<td title='parallel.TestNGRunner.runScenario()'><b>runScenario</b><br>Test class: parallel.TestNGRunner<br>Test method: Runs Cucumber Scenarios<br>Parameters: "Try Editor validation for DS Intro with testcodes", "Tree Functionality with login"</td>
<td></td>
<td>15</td>
<td>parallel.TestNGRunner@43015c69</td></tr>
<tr>
<td title='parallel.TestNGRunner.runScenario()'><b>runScenario</b><br>Test class: parallel.TestNGRunner<br>Test method: Runs Cucumber Scenarios<br>Parameters: "User Register validation with invalid values in the input fields", "Test new user register functionality"</td>
<td></td>
<td>7</td>
<td>parallel.TestNGRunner@43015c69</td></tr>
<tr>
<td title='parallel.TestNGRunner.runScenario()'><b>runScenario</b><br>Test class: parallel.TestNGRunner<br>Test method: Runs Cucumber Scenarios<br>Parameters: "Try Editor validation for DS Intro with testcodes", "Tree Functionality with login"</td>
<td></td>
<td>15</td>
<td>parallel.TestNGRunner@43015c69</td></tr>
<tr>
<td title='parallel.TestNGRunner.runScenario()'><b>runScenario</b><br>Test class: parallel.TestNGRunner<br>Test method: Runs Cucumber Scenarios<br>Parameters: "Try Editor validation for DS Intro with testcodes", "DSIntro Functionality with login"</td>
<td></td>
<td>19</td>
<td>parallel.TestNGRunner@43015c69</td></tr>
<tr>
<td title='parallel.TestNGRunner.runScenario()'><b>runScenario</b><br>Test class: parallel.TestNGRunner<br>Test method: Runs Cucumber Scenarios<br>Parameters: "Practice Questions Validation with valid codes", "Array Functionality with login"</td>
<td></td>
<td>11</td>
<td>parallel.TestNGRunner@43015c69</td></tr>
<tr>
<td title='parallel.TestNGRunner.runScenario()'><b>runScenario</b><br>Test class: parallel.TestNGRunner<br>Test method: Runs Cucumber Scenarios<br>Parameters: "User Register validation with missing values in the input fields", "Test new user register functionality"</td>
<td></td>
<td>9</td>
<td>parallel.TestNGRunner@43015c69</td></tr>
<tr>
<td title='parallel.TestNGRunner.runScenario()'><b>runScenario</b><br>Test class: parallel.TestNGRunner<br>Test method: Runs Cucumber Scenarios<br>Parameters: "User Register validation with invalid values in the input fields", "Test new user register functionality"</td>
<td></td>
<td>7</td>
<td>parallel.TestNGRunner@43015c69</td></tr>
<tr>
<td title='parallel.TestNGRunner.runScenario()'><b>runScenario</b><br>Test class: parallel.TestNGRunner<br>Test method: Runs Cucumber Scenarios<br>Parameters: "Try Editor validation for DS Intro with testcodes", "Graph Functionality with login"</td>
<td></td>
<td>13</td>
<td>parallel.TestNGRunner@43015c69</td></tr>
<tr>
<td title='parallel.TestNGRunner.runScenario()'><b>runScenario</b><br>Test class: parallel.TestNGRunner<br>Test method: Runs Cucumber Scenarios<br>Parameters: "Login Page Validation with Invaid input", "SignIn Page Functionality"</td>
<td></td>
<td>5</td>
<td>parallel.TestNGRunner@43015c69</td></tr>
<tr>
<td title='parallel.TestNGRunner.runScenario()'><b>runScenario</b><br>Test class: parallel.TestNGRunner<br>Test method: Runs Cucumber Scenarios<br>Parameters: "Try Editor validation for DS Intro with testcodes", "Queue Functionality with login"</td>
<td></td>
<td>15</td>
<td>parallel.TestNGRunner@43015c69</td></tr>
<tr>
<td title='parallel.TestNGRunner.runScenario()'><b>runScenario</b><br>Test class: parallel.TestNGRunner<br>Test method: Runs Cucumber Scenarios<br>Parameters: "Try Editor validation for DS Intro with testcodes", "Tree Functionality with login"</td>
<td></td>
<td>15</td>
<td>parallel.TestNGRunner@43015c69</td></tr>
<tr>
<td title='parallel.TestNGRunner.runScenario()'><b>runScenario</b><br>Test class: parallel.TestNGRunner<br>Test method: Runs Cucumber Scenarios<br>Parameters: "Try Editor validation for DS Intro with testcodes", "Linkedlist Functionality with login"</td>
<td></td>
<td>16</td>
<td>parallel.TestNGRunner@43015c69</td></tr>
<tr>
<td title='parallel.TestNGRunner.runScenario()'><b>runScenario</b><br>Test class: parallel.TestNGRunner<br>Test method: Runs Cucumber Scenarios<br>Parameters: "Browser page", "Landing Page feature"</td>
<td></td>
<td>6</td>
<td>parallel.TestNGRunner@43015c69</td></tr>
<tr>
<td title='parallel.TestNGRunner.runScenario()'><b>runScenario</b><br>Test class: parallel.TestNGRunner<br>Test method: Runs Cucumber Scenarios<br>Parameters: "Try Editor validation for Array with testcodes", "Array Functionality with login"</td>
<td></td>
<td>21</td>
<td>parallel.TestNGRunner@43015c69</td></tr>
<tr>
<td title='parallel.TestNGRunner.runScenario()'><b>runScenario</b><br>Test class: parallel.TestNGRunner<br>Test method: Runs Cucumber Scenarios<br>Parameters: "Login page title", "SignIn Page Functionality"</td>
<td></td>
<td>3</td>
<td>parallel.TestNGRunner@43015c69</td></tr>
<tr>
<td title='parallel.TestNGRunner.runScenario()'><b>runScenario</b><br>Test class: parallel.TestNGRunner<br>Test method: Runs Cucumber Scenarios<br>Parameters: "Try Editor validation for DS Intro with testcodes", "Stack Functionality with login"</td>
<td></td>
<td>17</td>
<td>parallel.TestNGRunner@43015c69</td></tr>
</table><p>
</body>
</html>